1594463000 deposit amount:179.0 TRY
1594463000 transfer amount:10.0 TRY transferred_account:1214270127
1594463000 transfer amount:10.0 TRY transferred_account:1209207991
1594463000 deposit amount:2540.0 TRY
1594463000 transfer amount:1700.0 TRY transferred_account:1859647833
1859647833 transfer amount:15.0 EUR transferred_account:1214270127
1385479276 deposit amount:15000.0 USD
1385479276 transfer amount:750.0 USD transferred_account:1859647833
1385479276 transfer amount:750.0 USD transferred_account:1209207991
1385479276 transfer amount:750.0 USD transferred_account:1594463000
1867590746 deposit amount:0.0 TRY
1867590746 deposit amount:0.0 TRY
1867590746 deposit amount:0.0 TRY
1867590746 deposit amount:15.0 TRY
1867590746 deposit amount:50.0 TRY
1867590746 transfer amount:12.0 TRY transferred_account:1596967851
1867590746 transfer amount:12.0 TRY transferred_account:1596967851
1867590746 transfer amount:12.0 TRY transferred_account:1596967851
1867590746 transfer amount:12.0 TRY transferred_account:1596967851
1867590746 transfer amount:11.0 TRY transferred_account:1596967851
1867590746 transfer amount:11.0 TRY transferred_account:1596967851
1867590746 transfer amount:11.0 TRY transferred_account:1596967851
1867590746 transfer amount:11.0 TRY transferred_account:1596967851
1867590746 transfer amount:11.0 TRY transferred_account:1096498096
1214270127 deposit amount:0.0 TRY
1594463000 deposit amount:1.0 TRY
